{"C:\\Users\\Administrator\\Desktop\\atlp projects\\learn-express\\src\\app.js": {"path":"C:\\Users\\Administrator\\Desktop\\atlp projects\\learn-express\\src\\app.js","statementMap":{"0":{"start":{"line":7,"column":12},"end":{"line":7,"column":21}},"1":{"start":{"line":9,"column":0},"end":{"line":9,"column":28}},"2":{"start":{"line":10,"column":0},"end":{"line":10,"column":24}},"3":{"start":{"line":11,"column":0},"end":{"line":16,"column":11}},"4":{"start":{"line":17,"column":0},"end":{"line":17,"column":23}}},"fnMap":{},"branchMap":{},"s":{"0":2,"1":2,"2":2,"3":2,"4":2},"f":{},"b":{},"_coverageSchema":"1a1c01bbd47fc00a2c39e90264f33305004495a9","hash":"f35662f3de9ae3ebf60d4f6e7dd3ddb6e5aca475"}
,"C:\\Users\\Administrator\\Desktop\\atlp projects\\learn-express\\src\\routes.js": {"path":"C:\\Users\\Administrator\\Desktop\\atlp projects\\learn-express\\src\\routes.js","statementMap":{"0":{"start":{"line":3,"column":15},"end":{"line":3,"column":31}},"1":{"start":{"line":12,"column":0},"end":{"line":12,"column":33}},"2":{"start":{"line":13,"column":0},"end":{"line":13,"column":30}},"3":{"start":{"line":15,"column":0},"end":{"line":15,"column":83}},"4":{"start":{"line":16,"column":0},"end":{"line":16,"column":31}},"5":{"start":{"line":17,"column":0},"end":{"line":17,"column":39}},"6":{"start":{"line":18,"column":0},"end":{"line":18,"column":85}},"7":{"start":{"line":19,"column":0},"end":{"line":19,"column":48}},"8":{"start":{"line":20,"column":0},"end":{"line":20,"column":55}},"9":{"start":{"line":21,"column":0},"end":{"line":21,"column":53}},"10":{"start":{"line":22,"column":0},"end":{"line":22,"column":62}},"11":{"start":{"line":24,"column":0},"end":{"line":24,"column":68}},"12":{"start":{"line":25,"column":0},"end":{"line":25,"column":67}},"13":{"start":{"line":26,"column":0},"end":{"line":26,"column":63}},"14":{"start":{"line":27,"column":0},"end":{"line":27,"column":66}},"15":{"start":{"line":28,"column":0},"end":{"line":28,"column":65}},"16":{"start":{"line":29,"column":0},"end":{"line":29,"column":57}},"17":{"start":{"line":30,"column":0},"end":{"line":30,"column":58}}},"fnMap":{},"branchMap":{},"s":{"0":2,"1":2,"2":2,"3":2,"4":2,"5":2,"6":2,"7":2,"8":2,"9":2,"10":2,"11":2,"12":2,"13":2,"14":2,"15":2,"16":2,"17":2},"f":{},"b":{},"_coverageSchema":"1a1c01bbd47fc00a2c39e90264f33305004495a9","hash":"283170c7bb492af21884d1ef78386b4bd2467fae"}
,"C:\\Users\\Administrator\\Desktop\\atlp projects\\learn-express\\src\\validate.js": {"path":"C:\\Users\\Administrator\\Desktop\\atlp projects\\learn-express\\src\\validate.js","statementMap":{"0":{"start":{"line":2,"column":24},"end":{"line":12,"column":3}},"1":{"start":{"line":3,"column":22},"end":{"line":3,"column":67}},"2":{"start":{"line":5,"column":4},"end":{"line":5,"column":82}},"3":{"start":{"line":5,"column":15},"end":{"line":5,"column":82}},"4":{"start":{"line":7,"column":4},"end":{"line":11,"column":5}},"5":{"start":{"line":8,"column":6},"end":{"line":8,"column":13}},"6":{"start":{"line":10,"column":6},"end":{"line":10,"column":33}}},"fnMap":{"0":{"name":"(anonymous_0)","decl":{"start":{"line":2,"column":24},"end":{"line":2,"column":25}},"loc":{"start":{"line":2,"column":44},"end":{"line":12,"column":3}},"line":2}},"branchMap":{"0":{"loc":{"start":{"line":5,"column":4},"end":{"line":5,"column":82}},"type":"if","locations":[{"start":{"line":5,"column":4},"end":{"line":5,"column":82}},{"start":{},"end":{}}],"line":5}},"s":{"0":2,"1":0,"2":0,"3":0,"4":0,"5":0,"6":0},"f":{"0":0},"b":{"0":[0,0]},"_coverageSchema":"1a1c01bbd47fc00a2c39e90264f33305004495a9","hash":"659e79eb5baeb4e9845125a771befc131c0ffb70"}
,"C:\\Users\\Administrator\\Desktop\\atlp projects\\learn-express\\src\\controllers\\BlogController.js": {"path":"C:\\Users\\Administrator\\Desktop\\atlp projects\\learn-express\\src\\controllers\\BlogController.js","statementMap":{"0":{"start":{"line":5,"column":20},"end":{"line":19,"column":4}},"1":{"start":{"line":6,"column":2},"end":{"line":19,"column":3}},"2":{"start":{"line":7,"column":18},"end":{"line":7,"column":65}},"3":{"start":{"line":9,"column":21},"end":{"line":13,"column":6}},"4":{"start":{"line":14,"column":4},"end":{"line":14,"column":25}},"5":{"start":{"line":15,"column":4},"end":{"line":15,"column":41}},"6":{"start":{"line":17,"column":4},"end":{"line":17,"column":47}},"7":{"start":{"line":18,"column":4},"end":{"line":18,"column":31}},"8":{"start":{"line":21,"column":18},"end":{"line":29,"column":5}},"9":{"start":{"line":22,"column":4},"end":{"line":28,"column":5}},"10":{"start":{"line":23,"column":18},"end":{"line":23,"column":37}},"11":{"start":{"line":24,"column":4},"end":{"line":24,"column":19}},"12":{"start":{"line":26,"column":4},"end":{"line":26,"column":19}},"13":{"start":{"line":27,"column":4},"end":{"line":27,"column":45}},"14":{"start":{"line":32,"column":24},"end":{"line":41,"column":5}},"15":{"start":{"line":33,"column":6},"end":{"line":40,"column":7}},"16":{"start":{"line":34,"column":20},"end":{"line":34,"column":30}},"17":{"start":{"line":35,"column":21},"end":{"line":35,"column":44}},"18":{"start":{"line":36,"column":8},"end":{"line":36,"column":22}},"19":{"start":{"line":38,"column":8},"end":{"line":38,"column":23}},"20":{"start":{"line":39,"column":8},"end":{"line":39,"column":50}},"21":{"start":{"line":45,"column":17},"end":{"line":64,"column":3}},"22":{"start":{"line":46,"column":4},"end":{"line":63,"column":5}},"23":{"start":{"line":47,"column":19},"end":{"line":47,"column":61}},"24":{"start":{"line":49,"column":6},"end":{"line":51,"column":7}},"25":{"start":{"line":50,"column":8},"end":{"line":50,"column":36}},"26":{"start":{"line":52,"column":6},"end":{"line":54,"column":7}},"27":{"start":{"line":53,"column":8},"end":{"line":53,"column":40}},"28":{"start":{"line":55,"column":6},"end":{"line":57,"column":7}},"29":{"start":{"line":56,"column":8},"end":{"line":56,"column":35}},"30":{"start":{"line":58,"column":6},"end":{"line":58,"column":24}},"31":{"start":{"line":59,"column":6},"end":{"line":59,"column":21}},"32":{"start":{"line":61,"column":6},"end":{"line":61,"column":22}},"33":{"start":{"line":62,"column":6},"end":{"line":62,"column":49}},"34":{"start":{"line":66,"column":20},"end":{"line":74,"column":5}},"35":{"start":{"line":67,"column":4},"end":{"line":73,"column":5}},"36":{"start":{"line":68,"column":4},"end":{"line":68,"column":48}},"37":{"start":{"line":69,"column":4},"end":{"line":69,"column":61}},"38":{"start":{"line":71,"column":4},"end":{"line":71,"column":19}},"39":{"start":{"line":72,"column":4},"end":{"line":72,"column":46}}},"fnMap":{"0":{"name":"(anonymous_0)","decl":{"start":{"line":5,"column":20},"end":{"line":5,"column":21}},"loc":{"start":{"line":5,"column":40},"end":{"line":19,"column":4}},"line":5},"1":{"name":"(anonymous_1)","decl":{"start":{"line":21,"column":18},"end":{"line":21,"column":19}},"loc":{"start":{"line":21,"column":38},"end":{"line":29,"column":5}},"line":21},"2":{"name":"(anonymous_2)","decl":{"start":{"line":32,"column":24},"end":{"line":32,"column":25}},"loc":{"start":{"line":32,"column":44},"end":{"line":41,"column":5}},"line":32},"3":{"name":"(anonymous_3)","decl":{"start":{"line":45,"column":17},"end":{"line":45,"column":18}},"loc":{"start":{"line":45,"column":37},"end":{"line":64,"column":3}},"line":45},"4":{"name":"(anonymous_4)","decl":{"start":{"line":66,"column":20},"end":{"line":66,"column":21}},"loc":{"start":{"line":66,"column":40},"end":{"line":74,"column":5}},"line":66}},"branchMap":{"0":{"loc":{"start":{"line":49,"column":6},"end":{"line":51,"column":7}},"type":"if","locations":[{"start":{"line":49,"column":6},"end":{"line":51,"column":7}},{"start":{},"end":{}}],"line":49},"1":{"loc":{"start":{"line":52,"column":6},"end":{"line":54,"column":7}},"type":"if","locations":[{"start":{"line":52,"column":6},"end":{"line":54,"column":7}},{"start":{},"end":{}}],"line":52},"2":{"loc":{"start":{"line":55,"column":6},"end":{"line":57,"column":7}},"type":"if","locations":[{"start":{"line":55,"column":6},"end":{"line":57,"column":7}},{"start":{},"end":{}}],"line":55}},"s":{"0":2,"1":0,"2":0,"3":0,"4":0,"5":0,"6":0,"7":0,"8":2,"9":1,"10":1,"11":1,"12":0,"13":0,"14":2,"15":1,"16":1,"17":1,"18":1,"19":0,"20":0,"21":2,"22":0,"23":0,"24":0,"25":0,"26":0,"27":0,"28":0,"29":0,"30":0,"31":0,"32":0,"33":0,"34":2,"35":1,"36":1,"37":0,"38":1,"39":1},"f":{"0":0,"1":1,"2":1,"3":0,"4":1},"b":{"0":[0,0],"1":[0,0],"2":[0,0]},"_coverageSchema":"1a1c01bbd47fc00a2c39e90264f33305004495a9","hash":"bf0d902b132ecab8ff36cc46dec045db692b3e0f"}
,"C:\\Users\\Administrator\\Desktop\\atlp projects\\learn-express\\src\\controllers\\ContactController.js": {"path":"C:\\Users\\Administrator\\Desktop\\atlp projects\\learn-express\\src\\controllers\\ContactController.js","statementMap":{"0":{"start":{"line":5,"column":24},"end":{"line":12,"column":5}},"1":{"start":{"line":6,"column":19},"end":{"line":10,"column":6}},"2":{"start":{"line":11,"column":4},"end":{"line":11,"column":33}},"3":{"start":{"line":13,"column":19},"end":{"line":25,"column":1}},"4":{"start":{"line":14,"column":26},"end":{"line":14,"column":51}},"5":{"start":{"line":15,"column":1},"end":{"line":15,"column":55}},"6":{"start":{"line":15,"column":12},"end":{"line":15,"column":55}},"7":{"start":{"line":17,"column":17},"end":{"line":21,"column":3}},"8":{"start":{"line":23,"column":1},"end":{"line":23,"column":22}},"9":{"start":{"line":24,"column":1},"end":{"line":24,"column":31}},"10":{"start":{"line":27,"column":19},"end":{"line":36,"column":4}},"11":{"start":{"line":29,"column":1},"end":{"line":35,"column":2}},"12":{"start":{"line":30,"column":18},"end":{"line":30,"column":40}},"13":{"start":{"line":31,"column":2},"end":{"line":31,"column":31}},"14":{"start":{"line":34,"column":2},"end":{"line":34,"column":27}},"15":{"start":{"line":38,"column":22},"end":{"line":46,"column":5}},"16":{"start":{"line":39,"column":4},"end":{"line":45,"column":5}},"17":{"start":{"line":40,"column":4},"end":{"line":40,"column":51}},"18":{"start":{"line":41,"column":4},"end":{"line":41,"column":64}},"19":{"start":{"line":43,"column":4},"end":{"line":43,"column":19}},"20":{"start":{"line":44,"column":4},"end":{"line":44,"column":49}}},"fnMap":{"0":{"name":"(anonymous_0)","decl":{"start":{"line":5,"column":24},"end":{"line":5,"column":25}},"loc":{"start":{"line":5,"column":34},"end":{"line":12,"column":5}},"line":5},"1":{"name":"(anonymous_1)","decl":{"start":{"line":13,"column":19},"end":{"line":13,"column":20}},"loc":{"start":{"line":13,"column":38},"end":{"line":25,"column":1}},"line":13},"2":{"name":"(anonymous_2)","decl":{"start":{"line":27,"column":19},"end":{"line":27,"column":20}},"loc":{"start":{"line":27,"column":39},"end":{"line":36,"column":4}},"line":27},"3":{"name":"(anonymous_3)","decl":{"start":{"line":38,"column":22},"end":{"line":38,"column":23}},"loc":{"start":{"line":38,"column":42},"end":{"line":46,"column":5}},"line":38}},"branchMap":{"0":{"loc":{"start":{"line":15,"column":1},"end":{"line":15,"column":55}},"type":"if","locations":[{"start":{"line":15,"column":1},"end":{"line":15,"column":55}},{"start":{},"end":{}}],"line":15}},"s":{"0":2,"1":2,"2":2,"3":2,"4":2,"5":2,"6":1,"7":1,"8":1,"9":1,"10":2,"11":1,"12":1,"13":1,"14":0,"15":2,"16":1,"17":1,"18":0,"19":1,"20":1},"f":{"0":2,"1":2,"2":1,"3":1},"b":{"0":[1,1]},"_coverageSchema":"1a1c01bbd47fc00a2c39e90264f33305004495a9","hash":"0b16fc805fe64b26af76549436c4089bd4715489"}
,"C:\\Users\\Administrator\\Desktop\\atlp projects\\learn-express\\src\\controllers\\LikesController.js": {"path":"C:\\Users\\Administrator\\Desktop\\atlp projects\\learn-express\\src\\controllers\\LikesController.js","statementMap":{"0":{"start":{"line":5,"column":15},"end":{"line":15,"column":1}},"1":{"start":{"line":6,"column":19},"end":{"line":6,"column":32}},"2":{"start":{"line":7,"column":17},"end":{"line":9,"column":6}},"3":{"start":{"line":10,"column":4},"end":{"line":10,"column":22}},"4":{"start":{"line":11,"column":4},"end":{"line":11,"column":64}},"5":{"start":{"line":12,"column":24},"end":{"line":12,"column":51}},"6":{"start":{"line":13,"column":4},"end":{"line":13,"column":32}},"7":{"start":{"line":14,"column":4},"end":{"line":14,"column":29}},"8":{"start":{"line":17,"column":17},"end":{"line":25,"column":1}},"9":{"start":{"line":18,"column":4},"end":{"line":24,"column":5}},"10":{"start":{"line":19,"column":23},"end":{"line":19,"column":36}},"11":{"start":{"line":20,"column":22},"end":{"line":20,"column":49}},"12":{"start":{"line":21,"column":8},"end":{"line":21,"column":54}},"13":{"start":{"line":23,"column":8},"end":{"line":23,"column":34}}},"fnMap":{"0":{"name":"(anonymous_0)","decl":{"start":{"line":5,"column":15},"end":{"line":5,"column":16}},"loc":{"start":{"line":5,"column":35},"end":{"line":15,"column":1}},"line":5},"1":{"name":"(anonymous_1)","decl":{"start":{"line":17,"column":17},"end":{"line":17,"column":18}},"loc":{"start":{"line":17,"column":37},"end":{"line":25,"column":1}},"line":17}},"branchMap":{},"s":{"0":2,"1":0,"2":0,"3":0,"4":0,"5":0,"6":0,"7":0,"8":2,"9":0,"10":0,"11":0,"12":0,"13":0},"f":{"0":0,"1":0},"b":{},"_coverageSchema":"1a1c01bbd47fc00a2c39e90264f33305004495a9","hash":"702470ad9d58108bee3e769e05450c62d7946316"}
,"C:\\Users\\Administrator\\Desktop\\atlp projects\\learn-express\\src\\controllers\\commentsController.js": {"path":"C:\\Users\\Administrator\\Desktop\\atlp projects\\learn-express\\src\\controllers\\commentsController.js","statementMap":{"0":{"start":{"line":3,"column":18},"end":{"line":19,"column":5}},"1":{"start":{"line":5,"column":11},"end":{"line":5,"column":24}},"2":{"start":{"line":6,"column":16},"end":{"line":12,"column":7}},"3":{"start":{"line":13,"column":8},"end":{"line":13,"column":28}},"4":{"start":{"line":14,"column":8},"end":{"line":14,"column":47}},"5":{"start":{"line":15,"column":28},"end":{"line":15,"column":51}},"6":{"start":{"line":16,"column":11},"end":{"line":16,"column":45}},"7":{"start":{"line":17,"column":11},"end":{"line":17,"column":35}},"8":{"start":{"line":22,"column":22},"end":{"line":31,"column":5}},"9":{"start":{"line":23,"column":8},"end":{"line":30,"column":9}},"10":{"start":{"line":24,"column":27},"end":{"line":24,"column":40}},"11":{"start":{"line":25,"column":29},"end":{"line":25,"column":59}},"12":{"start":{"line":26,"column":29},"end":{"line":26,"column":69}},"13":{"start":{"line":26,"column":53},"end":{"line":26,"column":68}},"14":{"start":{"line":27,"column":12},"end":{"line":27,"column":47}},"15":{"start":{"line":29,"column":12},"end":{"line":29,"column":38}}},"fnMap":{"0":{"name":"(anonymous_0)","decl":{"start":{"line":3,"column":18},"end":{"line":3,"column":19}},"loc":{"start":{"line":3,"column":37},"end":{"line":19,"column":5}},"line":3},"1":{"name":"(anonymous_1)","decl":{"start":{"line":22,"column":22},"end":{"line":22,"column":23}},"loc":{"start":{"line":22,"column":42},"end":{"line":31,"column":5}},"line":22},"2":{"name":"(anonymous_2)","decl":{"start":{"line":26,"column":42},"end":{"line":26,"column":43}},"loc":{"start":{"line":26,"column":53},"end":{"line":26,"column":68}},"line":26}},"branchMap":{},"s":{"0":2,"1":0,"2":0,"3":0,"4":0,"5":0,"6":0,"7":0,"8":2,"9":0,"10":0,"11":0,"12":0,"13":0,"14":0,"15":0},"f":{"0":0,"1":0,"2":0},"b":{},"_coverageSchema":"1a1c01bbd47fc00a2c39e90264f33305004495a9","hash":"6cce7eb5ff3eee9c1abd4f34615af39cd24bfd21"}
,"C:\\Users\\Administrator\\Desktop\\atlp projects\\learn-express\\src\\controllers\\userAthenticationController.js": {"path":"C:\\Users\\Administrator\\Desktop\\atlp projects\\learn-express\\src\\controllers\\userAthenticationController.js","statementMap":{"0":{"start":{"line":12,"column":0},"end":{"line":38,"column":4}},"1":{"start":{"line":16,"column":2},"end":{"line":37,"column":3}},"2":{"start":{"line":18,"column":17},"end":{"line":18,"column":46}},"3":{"start":{"line":21,"column":4},"end":{"line":23,"column":5}},"4":{"start":{"line":22,"column":6},"end":{"line":22,"column":73}},"5":{"start":{"line":26,"column":20},"end":{"line":26,"column":65}},"6":{"start":{"line":29,"column":4},"end":{"line":31,"column":5}},"7":{"start":{"line":30,"column":6},"end":{"line":30,"column":73}},"8":{"start":{"line":34,"column":4},"end":{"line":34,"column":28}},"9":{"start":{"line":36,"column":4},"end":{"line":36,"column":23}},"10":{"start":{"line":40,"column":19},"end":{"line":40,"column":31}},"11":{"start":{"line":42,"column":21},"end":{"line":67,"column":1}},"12":{"start":{"line":43,"column":17},"end":{"line":46,"column":4}},"13":{"start":{"line":48,"column":27},"end":{"line":48,"column":52}},"14":{"start":{"line":50,"column":2},"end":{"line":53,"column":3}},"15":{"start":{"line":51,"column":4},"end":{"line":51,"column":62}},"16":{"start":{"line":52,"column":4},"end":{"line":52,"column":11}},"17":{"start":{"line":55,"column":2},"end":{"line":66,"column":3}},"18":{"start":{"line":56,"column":17},"end":{"line":56,"column":41}},"19":{"start":{"line":57,"column":27},"end":{"line":57,"column":66}},"20":{"start":{"line":58,"column":20},"end":{"line":61,"column":6}},"21":{"start":{"line":62,"column":17},"end":{"line":62,"column":37}},"22":{"start":{"line":63,"column":4},"end":{"line":63,"column":31}},"23":{"start":{"line":65,"column":4},"end":{"line":65,"column":28}},"24":{"start":{"line":70,"column":15},"end":{"line":86,"column":1}},"25":{"start":{"line":71,"column":15},"end":{"line":71,"column":60}},"26":{"start":{"line":72,"column":2},"end":{"line":74,"column":3}},"27":{"start":{"line":73,"column":4},"end":{"line":73,"column":65}},"28":{"start":{"line":76,"column":23},"end":{"line":76,"column":77}},"29":{"start":{"line":78,"column":2},"end":{"line":83,"column":3}},"30":{"start":{"line":79,"column":4},"end":{"line":82,"column":7}},"31":{"start":{"line":84,"column":16},"end":{"line":84,"column":69}},"32":{"start":{"line":85,"column":2},"end":{"line":85,"column":33}},"33":{"start":{"line":108,"column":17},"end":{"line":115,"column":1}},"34":{"start":{"line":109,"column":2},"end":{"line":114,"column":3}},"35":{"start":{"line":110,"column":17},"end":{"line":110,"column":36}},"36":{"start":{"line":111,"column":4},"end":{"line":111,"column":30}},"37":{"start":{"line":113,"column":4},"end":{"line":113,"column":29}}},"fnMap":{"0":{"name":"(anonymous_0)","decl":{"start":{"line":15,"column":3},"end":{"line":15,"column":4}},"loc":{"start":{"line":15,"column":36},"end":{"line":38,"column":1}},"line":15},"1":{"name":"(anonymous_1)","decl":{"start":{"line":42,"column":21},"end":{"line":42,"column":22}},"loc":{"start":{"line":42,"column":39},"end":{"line":67,"column":1}},"line":42},"2":{"name":"(anonymous_2)","decl":{"start":{"line":70,"column":15},"end":{"line":70,"column":16}},"loc":{"start":{"line":70,"column":35},"end":{"line":86,"column":1}},"line":70},"3":{"name":"(anonymous_3)","decl":{"start":{"line":108,"column":17},"end":{"line":108,"column":18}},"loc":{"start":{"line":108,"column":37},"end":{"line":115,"column":1}},"line":108}},"branchMap":{"0":{"loc":{"start":{"line":21,"column":4},"end":{"line":23,"column":5}},"type":"if","locations":[{"start":{"line":21,"column":4},"end":{"line":23,"column":5}},{"start":{},"end":{}}],"line":21},"1":{"loc":{"start":{"line":29,"column":4},"end":{"line":31,"column":5}},"type":"if","locations":[{"start":{"line":29,"column":4},"end":{"line":31,"column":5}},{"start":{},"end":{}}],"line":29},"2":{"loc":{"start":{"line":50,"column":2},"end":{"line":53,"column":3}},"type":"if","locations":[{"start":{"line":50,"column":2},"end":{"line":53,"column":3}},{"start":{},"end":{}}],"line":50},"3":{"loc":{"start":{"line":72,"column":2},"end":{"line":74,"column":3}},"type":"if","locations":[{"start":{"line":72,"column":2},"end":{"line":74,"column":3}},{"start":{},"end":{}}],"line":72},"4":{"loc":{"start":{"line":78,"column":2},"end":{"line":83,"column":3}},"type":"if","locations":[{"start":{"line":78,"column":2},"end":{"line":83,"column":3}},{"start":{},"end":{}}],"line":78}},"s":{"0":2,"1":0,"2":0,"3":0,"4":0,"5":0,"6":0,"7":0,"8":0,"9":0,"10":2,"11":2,"12":2,"13":2,"14":2,"15":1,"16":1,"17":1,"18":1,"19":1,"20":1,"21":1,"22":1,"23":0,"24":2,"25":0,"26":0,"27":0,"28":0,"29":0,"30":0,"31":0,"32":0,"33":2,"34":0,"35":0,"36":0,"37":0},"f":{"0":0,"1":2,"2":0,"3":0},"b":{"0":[0,0],"1":[0,0],"2":[1,1],"3":[0,0],"4":[0,0]},"_coverageSchema":"1a1c01bbd47fc00a2c39e90264f33305004495a9","hash":"83ff3c606e852f2d0ad6da22301b13919a115f4c"}
,"C:\\Users\\Administrator\\Desktop\\atlp projects\\learn-express\\src\\data\\blog.data.js": {"path":"C:\\Users\\Administrator\\Desktop\\atlp projects\\learn-express\\src\\data\\blog.data.js","statementMap":{"0":{"start":{"line":1,"column":20},"end":{"line":11,"column":3}},"1":{"start":{"line":13,"column":24},"end":{"line":16,"column":3}}},"fnMap":{},"branchMap":{},"s":{"0":1,"1":1},"f":{},"b":{},"_coverageSchema":"1a1c01bbd47fc00a2c39e90264f33305004495a9","hash":"cb9e5b5d7d6a2e6c968b40a74fac004f5281f59c"}
,"C:\\Users\\Administrator\\Desktop\\atlp projects\\learn-express\\src\\midleWare.js\\auth.js": {"path":"C:\\Users\\Administrator\\Desktop\\atlp projects\\learn-express\\src\\midleWare.js\\auth.js","statementMap":{"0":{"start":{"line":2,"column":17},"end":{"line":21,"column":3}},"1":{"start":{"line":3,"column":18},"end":{"line":3,"column":42}},"2":{"start":{"line":4,"column":23},"end":{"line":4,"column":35}},"3":{"start":{"line":8,"column":4},"end":{"line":20,"column":5}},"4":{"start":{"line":9,"column":27},"end":{"line":9,"column":56}},"5":{"start":{"line":11,"column":21},"end":{"line":11,"column":36}},"6":{"start":{"line":12,"column":6},"end":{"line":12,"column":28}},"7":{"start":{"line":13,"column":6},"end":{"line":13,"column":26}},"8":{"start":{"line":14,"column":6},"end":{"line":14,"column":13}},"9":{"start":{"line":16,"column":6},"end":{"line":18,"column":9}}},"fnMap":{"0":{"name":"(anonymous_0)","decl":{"start":{"line":2,"column":17},"end":{"line":2,"column":18}},"loc":{"start":{"line":2,"column":37},"end":{"line":21,"column":3}},"line":2}},"branchMap":{},"s":{"0":2,"1":3,"2":3,"3":3,"4":3,"5":1,"6":1,"7":1,"8":1,"9":2},"f":{"0":3},"b":{},"_coverageSchema":"1a1c01bbd47fc00a2c39e90264f33305004495a9","hash":"d2d26f58a6b9378b35842bc7cffb8a05229ecea5"}
,"C:\\Users\\Administrator\\Desktop\\atlp projects\\learn-express\\src\\models\\Blog.js": {"path":"C:\\Users\\Administrator\\Desktop\\atlp projects\\learn-express\\src\\models\\Blog.js","statementMap":{"0":{"start":{"line":3,"column":15},"end":{"line":3,"column":30}},"1":{"start":{"line":4,"column":19},"end":{"line":17,"column":2}},"2":{"start":{"line":19,"column":13},"end":{"line":19,"column":46}}},"fnMap":{},"branchMap":{},"s":{"0":2,"1":2,"2":2},"f":{},"b":{},"_coverageSchema":"1a1c01bbd47fc00a2c39e90264f33305004495a9","hash":"17c5ac318ea7946771087edfebb3a3fe766aa3e9"}
,"C:\\Users\\Administrator\\Desktop\\atlp projects\\learn-express\\src\\models\\Comment.js": {"path":"C:\\Users\\Administrator\\Desktop\\atlp projects\\learn-express\\src\\models\\Comment.js","statementMap":{"0":{"start":{"line":2,"column":16},"end":{"line":7,"column":3}}},"fnMap":{},"branchMap":{},"s":{"0":2},"f":{},"b":{},"_coverageSchema":"1a1c01bbd47fc00a2c39e90264f33305004495a9","hash":"0a32325020a6bb82c96925e560fd6be7f4a9589f"}
,"C:\\Users\\Administrator\\Desktop\\atlp projects\\learn-express\\src\\models\\Contact.js": {"path":"C:\\Users\\Administrator\\Desktop\\atlp projects\\learn-express\\src\\models\\Contact.js","statementMap":{"0":{"start":{"line":2,"column":16},"end":{"line":7,"column":3}}},"fnMap":{},"branchMap":{},"s":{"0":2},"f":{},"b":{},"_coverageSchema":"1a1c01bbd47fc00a2c39e90264f33305004495a9","hash":"d6a71932e29ceb45db9d49c623ac260340bf4ad7"}
,"C:\\Users\\Administrator\\Desktop\\atlp projects\\learn-express\\src\\models\\Like.js": {"path":"C:\\Users\\Administrator\\Desktop\\atlp projects\\learn-express\\src\\models\\Like.js","statementMap":{"0":{"start":{"line":2,"column":16},"end":{"line":5,"column":3}}},"fnMap":{},"branchMap":{},"s":{"0":2},"f":{},"b":{},"_coverageSchema":"1a1c01bbd47fc00a2c39e90264f33305004495a9","hash":"8837dd880a814d6ff86016dee26cc37fb32a6d2f"}
,"C:\\Users\\Administrator\\Desktop\\atlp projects\\learn-express\\src\\models\\User.js": {"path":"C:\\Users\\Administrator\\Desktop\\atlp projects\\learn-express\\src\\models\\User.js","statementMap":{"0":{"start":{"line":3,"column":16},"end":{"line":7,"column":3}},"1":{"start":{"line":8,"column":1},"end":{"line":8,"column":37}}},"fnMap":{},"branchMap":{},"s":{"0":2,"1":2},"f":{},"b":{},"_coverageSchema":"1a1c01bbd47fc00a2c39e90264f33305004495a9","hash":"b6614927c72d2a953a5ab8f62c3f2feb59725f8a"}
,"C:\\Users\\Administrator\\Desktop\\atlp projects\\learn-express\\src\\services\\cloudinary.js": {"path":"C:\\Users\\Administrator\\Desktop\\atlp projects\\learn-express\\src\\services\\cloudinary.js","statementMap":{"0":{"start":{"line":2,"column":0},"end":{"line":6,"column":5}}},"fnMap":{},"branchMap":{},"s":{"0":2},"f":{},"b":{},"_coverageSchema":"1a1c01bbd47fc00a2c39e90264f33305004495a9","hash":"780abed7edbac204aede328d20a7ae967358f5e8"}
,"C:\\Users\\Administrator\\Desktop\\atlp projects\\learn-express\\src\\services\\mongo.js": {"path":"C:\\Users\\Administrator\\Desktop\\atlp projects\\learn-express\\src\\services\\mongo.js","statementMap":{"0":{"start":{"line":6,"column":0},"end":{"line":6,"column":15}},"1":{"start":{"line":8,"column":18},"end":{"line":8,"column":119}},"2":{"start":{"line":10,"column":0},"end":{"line":12,"column":3}},"3":{"start":{"line":11,"column":4},"end":{"line":11,"column":55}},"4":{"start":{"line":15,"column":0},"end":{"line":17,"column":3}},"5":{"start":{"line":19,"column":21},"end":{"line":21,"column":1}},"6":{"start":{"line":20,"column":4},"end":{"line":20,"column":63}},"7":{"start":{"line":23,"column":25},"end":{"line":25,"column":1}},"8":{"start":{"line":24,"column":4},"end":{"line":24,"column":32}}},"fnMap":{"0":{"name":"(anonymous_0)","decl":{"start":{"line":10,"column":33},"end":{"line":10,"column":34}},"loc":{"start":{"line":10,"column":38},"end":{"line":12,"column":1}},"line":10},"1":{"name":"(anonymous_1)","decl":{"start":{"line":15,"column":31},"end":{"line":15,"column":32}},"loc":{"start":{"line":15,"column":36},"end":{"line":17,"column":1}},"line":15},"2":{"name":"(anonymous_2)","decl":{"start":{"line":19,"column":21},"end":{"line":19,"column":22}},"loc":{"start":{"line":19,"column":32},"end":{"line":21,"column":1}},"line":19},"3":{"name":"(anonymous_3)","decl":{"start":{"line":23,"column":25},"end":{"line":23,"column":26}},"loc":{"start":{"line":23,"column":35},"end":{"line":25,"column":1}},"line":23}},"branchMap":{},"s":{"0":2,"1":2,"2":2,"3":2,"4":2,"5":2,"6":2,"7":2,"8":2},"f":{"0":2,"1":2,"2":2,"3":2},"b":{},"_coverageSchema":"1a1c01bbd47fc00a2c39e90264f33305004495a9","hash":"d5cb3562e411f5cc40e08d801d1e5465e6334062"}
,"C:\\Users\\Administrator\\Desktop\\atlp projects\\learn-express\\src\\services\\multer.js": {"path":"C:\\Users\\Administrator\\Desktop\\atlp projects\\learn-express\\src\\services\\multer.js","statementMap":{"0":{"start":{"line":7,"column":14},"end":{"line":7,"column":45}},"1":{"start":{"line":8,"column":4},"end":{"line":11,"column":5}},"2":{"start":{"line":9,"column":6},"end":{"line":9,"column":53}},"3":{"start":{"line":10,"column":6},"end":{"line":10,"column":13}},"4":{"start":{"line":12,"column":4},"end":{"line":12,"column":19}}},"fnMap":{"0":{"name":"(anonymous_0)","decl":{"start":{"line":6,"column":14},"end":{"line":6,"column":15}},"loc":{"start":{"line":6,"column":33},"end":{"line":13,"column":3}},"line":6}},"branchMap":{"0":{"loc":{"start":{"line":8,"column":4},"end":{"line":11,"column":5}},"type":"if","locations":[{"start":{"line":8,"column":4},"end":{"line":11,"column":5}},{"start":{},"end":{}}],"line":8},"1":{"loc":{"start":{"line":8,"column":8},"end":{"line":8,"column":59}},"type":"binary-expr","locations":[{"start":{"line":8,"column":8},"end":{"line":8,"column":22}},{"start":{"line":8,"column":26},"end":{"line":8,"column":41}},{"start":{"line":8,"column":45},"end":{"line":8,"column":59}}],"line":8}},"s":{"0":0,"1":0,"2":0,"3":0,"4":0},"f":{"0":0},"b":{"0":[0,0],"1":[0,0,0]},"_coverageSchema":"1a1c01bbd47fc00a2c39e90264f33305004495a9","hash":"c214e361ae51361d4415f242b7648af87d6c2115"}
,"C:\\Users\\Administrator\\Desktop\\atlp projects\\learn-express\\src\\services\\passport.js": {"path":"C:\\Users\\Administrator\\Desktop\\atlp projects\\learn-express\\src\\services\\passport.js","statementMap":{"0":{"start":{"line":3,"column":0},"end":{"line":3,"column":16}},"1":{"start":{"line":4,"column":29},"end":{"line":13,"column":1}},"2":{"start":{"line":5,"column":20},"end":{"line":5,"column":24}},"3":{"start":{"line":6,"column":18},"end":{"line":10,"column":3}},"4":{"start":{"line":11,"column":21},"end":{"line":11,"column":33}},"5":{"start":{"line":12,"column":2},"end":{"line":12,"column":64}}},"fnMap":{"0":{"name":"(anonymous_0)","decl":{"start":{"line":4,"column":29},"end":{"line":4,"column":30}},"loc":{"start":{"line":4,"column":40},"end":{"line":13,"column":1}},"line":4}},"branchMap":{},"s":{"0":1,"1":1,"2":1,"3":1,"4":1,"5":1},"f":{"0":1},"b":{},"_coverageSchema":"1a1c01bbd47fc00a2c39e90264f33305004495a9","hash":"909c34f59ba48dbee935b34b0fde4252545baa63"}
,"C:\\Users\\Administrator\\Desktop\\atlp projects\\learn-express\\src\\validations\\blogValidation.js": {"path":"C:\\Users\\Administrator\\Desktop\\atlp projects\\learn-express\\src\\validations\\blogValidation.js","statementMap":{"0":{"start":{"line":3,"column":19},"end":{"line":13,"column":2}},"1":{"start":{"line":15,"column":21},"end":{"line":17,"column":1}},"2":{"start":{"line":16,"column":2},"end":{"line":16,"column":62}}},"fnMap":{"0":{"name":"(anonymous_0)","decl":{"start":{"line":15,"column":21},"end":{"line":15,"column":22}},"loc":{"start":{"line":15,"column":35},"end":{"line":17,"column":1}},"line":15}},"branchMap":{},"s":{"0":2,"1":2,"2":0},"f":{"0":0},"b":{},"_coverageSchema":"1a1c01bbd47fc00a2c39e90264f33305004495a9","hash":"3c5853b160b0cf0d226df0248f4d0e447775dfc2"}
}
