TN:
SF:src\app.js
FNF:0
FNH:0
DA:7,2
DA:9,2
DA:10,2
DA:11,2
DA:17,2
LF:5
LH:5
BRF:0
BRH:0
end_of_record
TN:
SF:src\routes.js
FNF:0
FNH:0
DA:3,2
DA:12,2
DA:13,2
DA:15,2
DA:16,2
DA:17,2
DA:18,2
DA:19,2
DA:20,2
DA:21,2
DA:22,2
DA:24,2
DA:25,2
DA:26,2
DA:27,2
DA:28,2
DA:29,2
DA:30,2
LF:18
LH:18
BRF:0
BRH:0
end_of_record
TN:
SF:src\validate.js
FN:2,(anonymous_0)
FNF:1
FNH:0
FNDA:0,(anonymous_0)
DA:2,2
DA:3,0
DA:5,0
DA:7,0
DA:8,0
DA:10,0
LF:6
LH:1
BRDA:5,0,0,0
BRDA:5,0,1,0
BRF:2
BRH:0
end_of_record
TN:
SF:src\controllers\BlogController.js
FN:5,(anonymous_0)
FN:21,(anonymous_1)
FN:32,(anonymous_2)
FN:45,(anonymous_3)
FN:66,(anonymous_4)
FNF:5
FNH:0
FNDA:0,(anonymous_0)
FNDA:0,(anonymous_1)
FNDA:0,(anonymous_2)
FNDA:0,(anonymous_3)
FNDA:0,(anonymous_4)
DA:5,2
DA:6,0
DA:7,0
DA:9,0
DA:14,0
DA:15,0
DA:17,0
DA:18,0
DA:21,2
DA:22,0
DA:23,0
DA:24,0
DA:26,0
DA:27,0
DA:32,2
DA:33,0
DA:34,0
DA:35,0
DA:36,0
DA:38,0
DA:39,0
DA:45,2
DA:46,0
DA:47,0
DA:49,0
DA:50,0
DA:52,0
DA:53,0
DA:55,0
DA:56,0
DA:58,0
DA:59,0
DA:61,0
DA:62,0
DA:66,2
DA:67,0
DA:68,0
DA:69,0
DA:71,0
DA:72,0
LF:40
LH:5
BRDA:49,0,0,0
BRDA:49,0,1,0
BRDA:52,1,0,0
BRDA:52,1,1,0
BRDA:55,2,0,0
BRDA:55,2,1,0
BRF:6
BRH:0
end_of_record
TN:
SF:src\controllers\ContactController.js
FN:5,(anonymous_0)
FN:13,(anonymous_1)
FN:27,(anonymous_2)
FN:38,(anonymous_3)
FNF:4
FNH:4
FNDA:2,(anonymous_0)
FNDA:2,(anonymous_1)
FNDA:1,(anonymous_2)
FNDA:1,(anonymous_3)
DA:5,2
DA:6,2
DA:11,2
DA:13,2
DA:14,2
DA:15,2
DA:17,1
DA:23,1
DA:24,1
DA:27,2
DA:29,1
DA:30,1
DA:31,1
DA:34,0
DA:38,2
DA:39,1
DA:40,1
DA:41,0
DA:43,1
DA:44,1
LF:20
LH:18
BRDA:15,0,0,1
BRDA:15,0,1,1
BRF:2
BRH:2
end_of_record
TN:
SF:src\controllers\LikesController.js
FN:5,(anonymous_0)
FN:17,(anonymous_1)
FNF:2
FNH:0
FNDA:0,(anonymous_0)
FNDA:0,(anonymous_1)
DA:5,2
DA:6,0
DA:7,0
DA:10,0
DA:11,0
DA:12,0
DA:13,0
DA:14,0
DA:17,2
DA:18,0
DA:19,0
DA:20,0
DA:21,0
DA:23,0
LF:14
LH:2
BRF:0
BRH:0
end_of_record
TN:
SF:src\controllers\commentsController.js
FN:3,(anonymous_0)
FN:22,(anonymous_1)
FN:26,(anonymous_2)
FNF:3
FNH:0
FNDA:0,(anonymous_0)
FNDA:0,(anonymous_1)
FNDA:0,(anonymous_2)
DA:3,2
DA:5,0
DA:6,0
DA:13,0
DA:14,0
DA:15,0
DA:16,0
DA:17,0
DA:22,2
DA:23,0
DA:24,0
DA:25,0
DA:26,0
DA:27,0
DA:29,0
LF:15
LH:2
BRF:0
BRH:0
end_of_record
TN:
SF:src\controllers\userAthenticationController.js
FN:15,(anonymous_0)
FN:42,(anonymous_1)
FN:70,(anonymous_2)
FN:90,(anonymous_3)
FNF:4
FNH:3
FNDA:0,(anonymous_0)
FNDA:3,(anonymous_1)
FNDA:4,(anonymous_2)
FNDA:1,(anonymous_3)
DA:12,2
DA:16,0
DA:18,0
DA:21,0
DA:22,0
DA:26,0
DA:29,0
DA:30,0
DA:34,0
DA:36,0
DA:40,2
DA:42,2
DA:43,3
DA:48,3
DA:50,3
DA:51,1
DA:52,1
DA:55,2
DA:56,2
DA:57,2
DA:58,2
DA:62,2
DA:63,2
DA:65,0
DA:70,2
DA:71,4
DA:72,4
DA:73,1
DA:76,3
DA:78,3
DA:79,1
DA:84,2
DA:85,2
DA:90,2
DA:91,1
DA:92,1
DA:93,1
DA:95,0
LF:38
LH:27
BRDA:21,0,0,0
BRDA:21,0,1,0
BRDA:29,1,0,0
BRDA:29,1,1,0
BRDA:50,2,0,1
BRDA:50,2,1,2
BRDA:72,3,0,1
BRDA:72,3,1,3
BRDA:78,4,0,1
BRDA:78,4,1,2
BRF:10
BRH:6
end_of_record
TN:
SF:src\data\blog.data.js
FNF:0
FNH:0
DA:1,1
DA:13,1
LF:2
LH:2
BRF:0
BRH:0
end_of_record
TN:
SF:src\midleWare.js\auth.js
FN:2,(anonymous_0)
FNF:1
FNH:1
FNDA:3,(anonymous_0)
DA:2,2
DA:3,3
DA:4,3
DA:8,3
DA:9,3
DA:11,1
DA:12,1
DA:13,1
DA:14,1
DA:16,2
LF:10
LH:10
BRF:0
BRH:0
end_of_record
TN:
SF:src\models\Blog.js
FNF:0
FNH:0
DA:3,2
DA:4,2
DA:19,2
LF:3
LH:3
BRF:0
BRH:0
end_of_record
TN:
SF:src\models\Comment.js
FNF:0
FNH:0
DA:2,2
LF:1
LH:1
BRF:0
BRH:0
end_of_record
TN:
SF:src\models\Contact.js
FNF:0
FNH:0
DA:2,2
LF:1
LH:1
BRF:0
BRH:0
end_of_record
TN:
SF:src\models\Like.js
FNF:0
FNH:0
DA:2,2
LF:1
LH:1
BRF:0
BRH:0
end_of_record
TN:
SF:src\models\User.js
FNF:0
FNH:0
DA:3,2
DA:8,2
LF:2
LH:2
BRF:0
BRH:0
end_of_record
TN:
SF:src\services\cloudinary.js
FNF:0
FNH:0
DA:2,2
LF:1
LH:1
BRF:0
BRH:0
end_of_record
TN:
SF:src\services\mongo.js
FN:10,(anonymous_0)
FN:15,(anonymous_1)
FN:19,(anonymous_2)
FN:23,(anonymous_3)
FNF:4
FNH:4
FNDA:2,(anonymous_0)
FNDA:3,(anonymous_1)
FNDA:3,(anonymous_2)
FNDA:3,(anonymous_3)
DA:6,2
DA:8,2
DA:10,2
DA:11,2
DA:15,2
DA:19,2
DA:20,3
DA:23,2
DA:24,3
LF:9
LH:9
BRF:0
BRH:0
end_of_record
TN:
SF:src\services\multer.js
FN:6,(anonymous_0)
FNF:1
FNH:0
FNDA:0,(anonymous_0)
DA:7,0
DA:8,0
DA:9,0
DA:10,0
DA:12,0
LF:5
LH:0
BRDA:8,0,0,0
BRDA:8,0,1,0
BRDA:8,1,0,0
BRDA:8,1,1,0
BRDA:8,1,2,0
BRF:5
BRH:0
end_of_record
TN:
SF:src\validations\blogValidation.js
FN:15,(anonymous_0)
FNF:1
FNH:0
FNDA:0,(anonymous_0)
DA:3,2
DA:15,2
DA:16,0
LF:3
LH:2
BRF:0
BRH:0
end_of_record
